[0309/143739.127:ERROR:process_memory_win.cc(73)] ReadMemory at 0x7ff75e1d0000 of 64 bytes failed: Only part of a ReadProcessMemory or WriteProcessMemory request was completed. (0x12B)
[0309/143741.810:WARNING:pe_image_reader.cc(340)] could not read dos header from C:\Program Files (x86)\Google\Chrome\Application\chrome.exe
[0309/143741.810:ERROR:process_memory_win.cc(73)] ReadMemory at 0x7ffca1d80000 of 64 bytes failed: Only part of a ReadProcessMemory or WriteProcessMemory request was completed. (0x12B)
[0309/143741.810:WARNING:pe_image_reader.cc(340)] could not read dos header from C:\Windows\SYSTEM32\ntdll.dll
[0309/143741.811:ERROR:process_memory_win.cc(73)] ReadMemory at 0x7ffca11f0000 of 64 bytes failed: Only part of a ReadProcessMemory or WriteProcessMemory request was completed. (0x12B)
[0309/143741.812:WARNING:pe_image_reader.cc(340)] could not read dos header from C:\Windows\System32\KERNEL32.DLL
[0309/143741.812:ERROR:process_memory_win.cc(73)] ReadMemory at 0x7ffc9ecc0000 of 64 bytes failed: Only part of a ReadProcessMemory or WriteProcessMemory request was completed. (0x12B)
[0309/143741.812:WARNING:pe_image_reader.cc(340)] could not read dos header from C:\Windows\System32\KERNELBASE.dll
[0309/143741.813:ERROR:process_memory_win.cc(73)] ReadMemory at 0x7ffc6ed80000 of 64 bytes failed: Only part of a ReadProcessMemory or WriteProcessMemory request was completed. (0x12B)
[0309/143741.813:WARNING:pe_image_reader.cc(340)] could not read dos header from C:\Program Files (x86)\Google\Chrome\Application\80.0.3987.122\chrome_elf.dll
[0309/143741.813:ERROR:process_memory_win.cc(73)] ReadMemory at 0x7ffc95680000 of 64 bytes failed: Only part of a ReadProcessMemory or WriteProcessMemory request was completed. (0x12B)
[0309/143741.813:WARNING:pe_image_reader.cc(340)] could not read dos header from C:\Windows\SYSTEM32\VERSION.dll
[0309/143741.813:ERROR:process_memory_win.cc(73)] ReadMemory at 0x7ffca1640000 of 64 bytes failed: Only part of a ReadProcessMemory or WriteProcessMemory request was completed. (0x12B)
[0309/143741.814:WARNING:pe_image_reader.cc(340)] could not read dos header from C:\Windows\System32\msvcrt.dll
[0309/143741.814:ERROR:process_memory_win.cc(73)] ReadMemory at 0x7ffc9e120000 of 64 bytes failed: Only part of a ReadProcessMemory or WriteProcessMemory request was completed. (0x12B)
[0309/143741.814:WARNING:pe_image_reader.cc(340)] could not read dos header from C:\Windows\System32\bcryptPrimitives.dll
[0309/143741.814:ERROR:process_memory_win.cc(73)] ReadMemory at 0x7ffca1380000 of 64 bytes failed: Only part of a ReadProcessMemory or WriteProcessMemory request was completed. (0x12B)
[0309/143741.814:WARNING:pe_image_reader.cc(340)] could not read dos header from C:\Windows\System32\ADVAPI32.dll
[0309/143741.814:ERROR:process_memory_win.cc(73)] ReadMemory at 0x7ffca0d70000 of 64 bytes failed: Only part of a ReadProcessMemory or WriteProcessMemory request was completed. (0x12B)
[0309/143741.814:WARNING:pe_image_reader.cc(340)] could not read dos header from C:\Windows\System32\sechost.dll
[0309/143741.814:ERROR:process_memory_win.cc(73)] ReadMemory at 0x7ffca1a10000 of 64 bytes failed: Only part of a ReadProcessMemory or WriteProcessMemory request was completed. (0x12B)
[0309/143741.814:WARNING:pe_image_reader.cc(340)] could not read dos header from C:\Windows\System32\RPCRT4.dll
[0309/143741.815:ERROR:process_memory_win.cc(73)] ReadMemory at 0x7ffc36010000 of 64 bytes failed: Only part of a ReadProcessMemory or WriteProcessMemory request was completed. (0x12B)
[0309/143741.815:WARNING:pe_image_reader.cc(340)] could not read dos header from C:\Program Files (x86)\Google\Chrome\Application\80.0.3987.122\chrome.dll
[0309/143741.815:ERROR:process_memory_win.cc(73)] ReadMemory at 0x7ffca1ce0000 of 64 bytes failed: Only part of a ReadProcessMemory or WriteProcessMemory request was completed. (0x12B)
[0309/143741.815:WARNING:pe_image_reader.cc(340)] could not read dos header from C:\Windows\System32\WS2_32.dll
[0309/143741.815:ERROR:process_memory_win.cc(73)] ReadMemory at 0x24d2b700000 of 64 bytes failed: Only part of a ReadProcessMemory or WriteProcessMemory request was completed. (0x12B)
[0309/143741.815:WARNING:pe_image_reader.cc(340)] could not read dos header from C:\Windows\System32\OLEAUT32.dll
[0309/143741.815:ERROR:process_memory_win.cc(73)] ReadMemory at 0x7ffc9e1a0000 of 64 bytes failed: Only part of a ReadProcessMemory or WriteProcessMemory request was completed. (0x12B)
[0309/143741.815:WARNING:pe_image_reader.cc(340)] could not read dos header from C:\Windows\System32\msvcp_win.dll
[0309/143741.817:ERROR:process_memory_win.cc(73)] ReadMemory at 0x7ffc9de40000 of 64 bytes failed: Only part of a ReadProcessMemory or WriteProcessMemory request was completed. (0x12B)
[0309/143741.817:WARNING:pe_image_reader.cc(340)] could not read dos header from C:\Windows\System32\ucrtbase.dll
[0309/143741.817:ERROR:process_memory_win.cc(73)] ReadMemory at 0x7ffca0e60000 of 64 bytes failed: Only part of a ReadProcessMemory or WriteProcessMemory request was completed. (0x12B)
[0309/143741.818:WARNING:pe_image_reader.cc(340)] could not read dos header from C:\Windows\System32\combase.dll
[0309/143741.818:ERROR:process_memory_win.cc(73)] ReadMemory at 0x7ffc9ebb0000 of 64 bytes failed: Only part of a ReadProcessMemory or WriteProcessMemory request was completed. (0x12B)
[0309/143741.818:WARNING:pe_image_reader.cc(340)] could not read dos header from C:\Windows\System32\WINTRUST.dll
[0309/143741.818:ERROR:process_memory_win.cc(73)] ReadMemory at 0x7ffc9de20000 of 64 bytes failed: Only part of a ReadProcessMemory or WriteProcessMemory request was completed. (0x12B)
[0309/143741.818:WARNING:pe_image_reader.cc(340)] could not read dos header from C:\Windows\System32\MSASN1.dll
[0309/143741.818:ERROR:process_memory_win.cc(73)] ReadMemory at 0x7ffc9df40000 of 64 bytes failed: Only part of a ReadProcessMemory or WriteProcessMemory request was completed. (0x12B)
[0309/143741.818:WARNING:pe_image_reader.cc(340)] could not read dos header from C:\Windows\System32\CRYPT32.dll
[0309/143741.818:ERROR:process_memory_win.cc(73)] ReadMemory at 0x7ffc9d300000 of 64 bytes failed: Only part of a ReadProcessMemory or WriteProcessMemory request was completed. (0x12B)
[0309/143741.818:WARNING:pe_image_reader.cc(340)] could not read dos header from C:\Windows\SYSTEM32\IPHLPAPI.DLL
[0309/143741.818:ERROR:process_memory_win.cc(73)] ReadMemory at 0x7ffc95640000 of 64 bytes failed: Only part of a ReadProcessMemory or WriteProcessMemory request was completed. (0x12B)
[0309/143741.818:WARNING:pe_image_reader.cc(340)] could not read dos header from C:\Windows\SYSTEM32\WINMM.dll
[0309/143741.818:ERROR:process_memory_win.cc(73)] ReadMemory at 0x7ffc91950000 of 64 bytes failed: Only part of a ReadProcessMemory or WriteProcessMemory request was completed. (0x12B)
[0309/143741.818:WARNING:pe_image_reader.cc(340)] could not read dos header from C:\Windows\SYSTEM32\Secur32.dll
[0309/143741.819:ERROR:process_memory_win.cc(73)] ReadMemory at 0x7ffc9dca0000 of 64 bytes failed: Only part of a ReadProcessMemory or WriteProcessMemory request was completed. (0x12B)
[0309/143741.819:WARNING:pe_image_reader.cc(340)] could not read dos header from C:\Windows\SYSTEM32\USERENV.dll
[0309/143741.819:ERROR:process_memory_win.cc(73)] ReadMemory at 0x7ffc9ddf0000 of 64 bytes failed: Only part of a ReadProcessMemory or WriteProcessMemory request was completed. (0x12B)
[0309/143741.819:WARNING:pe_image_reader.cc(340)] could not read dos header from C:\Windows\System32\profapi.dll
[0309/143741.819:ERROR:process_memory_win.cc(73)] ReadMemory at 0x7ffc6ffa0000 of 64 bytes failed: Only part of a ReadProcessMemory or WriteProcessMemory request was completed. (0x12B)
[0309/143741.819:WARNING:pe_image_reader.cc(340)] could not read dos header from C:\Windows\SYSTEM32\UIAutomationCore.DLL
[0309/143741.820:ERROR:process_memory_win.cc(73)] ReadMemory at 0x7ffc96d30000 of 64 bytes failed: Only part of a ReadProcessMemory or WriteProcessMemory request was completed. (0x12B)
[0309/143741.820:WARNING:pe_image_reader.cc(340)] could not read dos header from C:\Windows\SYSTEM32\DWrite.dll
[0309/143741.820:ERROR:process_memory_win.cc(73)] ReadMemory at 0x7ffc95550000 of 64 bytes failed: Only part of a ReadProcessMemory or WriteProcessMemory request was completed. (0x12B)
[0309/143741.820:WARNING:pe_image_reader.cc(340)] could not read dos header from C:\Windows\SYSTEM32\WINSPOOL.DRV
[0309/143741.820:ERROR:process_memory_win.cc(73)] ReadMemory at 0x7ffc9dd70000 of 64 bytes failed: Only part of a ReadProcessMemory or WriteProcessMemory request was completed. (0x12B)
[0309/143741.820:WARNING:pe_image_reader.cc(340)] could not read dos header from C:\Windows\System32\kernel.appcore.dll
[0309/143741.820:ERROR:process_memory_win.cc(73)] ReadMemory at 0x7ffc9eb80000 of 64 bytes failed: Only part of a ReadProcessMemory or WriteProcessMemory request was completed. (0x12B)
[0309/143741.820:WARNING:pe_image_reader.cc(340)] could not read dos header from C:\Windows\System32\bcrypt.dll
[0309/143741.821:ERROR:process_memory_win.cc(73)] ReadMemory at 0x7ffc9c710000 of 64 bytes failed: Only part of a ReadProcessMemory or WriteProcessMemory request was completed. (0x12B)
[0309/143741.822:WARNING:pe_image_reader.cc(340)] could not read dos header from C:\Windows\SYSTEM32\dbghelp.dll
[0309/143741.822:ERROR:process_memory_win.cc(73)] ReadMemory at 0x7ffc94b80000 of 64 bytes failed: Only part of a ReadProcessMemory or WriteProcessMemory request was completed. (0x12B)
[0309/143741.822:WARNING:pe_image_reader.cc(340)] could not read dos header from C:\Windows\SYSTEM32\WINHTTP.dll
[0309/143741.822:ERROR:process_memory_win.cc(73)] ReadMemory at 0x7ffc99430000 of 64 bytes failed: Only part of a ReadProcessMemory or WriteProcessMemory request was completed. (0x12B)
[0309/143741.822:WARNING:pe_image_reader.cc(340)] could not read dos header from C:\Windows\SYSTEM32\dhcpcsvc.DLL
[0309/143741.822:ERROR:process_memory_win.cc(73)] ReadMemory at 0x7ffca1a00000 of 64 bytes failed: Only part of a ReadProcessMemory or WriteProcessMemory request was completed. (0x12B)
[0309/143741.822:WARNING:pe_image_reader.cc(340)] could not read dos header from C:\Windows\System32\NSI.dll
[0309/143741.822:ERROR:process_memory_win.cc(73)] ReadMemory at 0x7ffc95610000 of 64 bytes failed: Only part of a ReadProcessMemory or WriteProcessMemory request was completed. (0x12B)
[0309/143741.822:WARNING:pe_image_reader.cc(340)] could not read dos header from C:\Windows\SYSTEM32\WINMMBASE.dll
[0309/143741.822:ERROR:process_memory_win.cc(73)] ReadMemory at 0x7ffc9e240000 of 64 bytes failed: Only part of a ReadProcessMemory or WriteProcessMemory request was completed. (0x12B)
[0309/143741.822:WARNING:pe_image_reader.cc(340)] could not read dos header from C:\Windows\System32\cfgmgr32.dll
[0309/143741.822:ERROR:process_memory_win.cc(73)] ReadMemory at 0x7ffc8a860000 of 64 bytes failed: Only part of a ReadProcessMemory or WriteProcessMemory request was completed. (0x12B)
[0309/143741.822:WARNING:pe_image_reader.cc(340)] could not read dos header from C:\Windows\SYSTEM32\Bcp47Langs.dll
[0309/143741.822:ERROR:process_memory_win.cc(73)] ReadMemory at 0x7ffc9bd30000 of 64 bytes failed: Only part of a ReadProcessMemory or WriteProcessMemory request was completed. (0x12B)
[0309/143741.822:WARNING:pe_image_reader.cc(340)] could not read dos header from C:\Windows\SYSTEM32\PROPSYS.dll
[0309/143741.822:ERROR:process_memory_win.cc(73)] ReadMemory at 0x7ffca0cc0000 of 64 bytes failed: Only part of a ReadProcessMemory or WriteProcessMemory request was completed. (0x12B)
[0309/143741.823:WARNING:pe_image_reader.cc(340)] could not read dos header from C:\Windows\System32\shcore.dll
[0309/143741.823:ERROR:process_memory_win.cc(73)] ReadMemory at 0x7ffc9dc70000 of 64 bytes failed: Only part of a ReadProcessMemory or WriteProcessMemory request was completed. (0x12B)
[0309/143741.824:WARNING:pe_image_reader.cc(340)] could not read dos header from C:\Windows\SYSTEM32\SSPICLI.DLL
[0309/143741.824:ERROR:process_memory_win.cc(73)] ReadMemory at 0x7ffc9d7b0000 of 64 bytes failed: Only part of a ReadProcessMemory or WriteProcessMemory request was completed. (0x12B)
[0309/143741.824:WARNING:pe_image_reader.cc(340)] could not read dos header from C:\Windows\SYSTEM32\CRYPTBASE.DLL
[0309/143741.824:ERROR:process_memory_win.cc(73)] ReadMemory at 0x7ff75e1d0000 of 64 bytes failed: Only part of a ReadProcessMemory or WriteProcessMemory request was completed. (0x12B)
[0309/143741.824:WARNING:pe_image_reader.cc(340)] could not read dos header from C:\Program Files (x86)\Google\Chrome\Application\chrome.exe
[0309/143741.824:ERROR:process_memory_win.cc(73)] ReadMemory at 0x7ffca1d80000 of 64 bytes failed: Only part of a ReadProcessMemory or WriteProcessMemory request was completed. (0x12B)
[0309/143741.824:WARNING:pe_image_reader.cc(340)] could not read dos header from C:\Windows\SYSTEM32\ntdll.dll
[0309/143741.824:ERROR:process_memory_win.cc(73)] ReadMemory at 0x7ffca11f0000 of 64 bytes failed: Only part of a ReadProcessMemory or WriteProcessMemory request was completed. (0x12B)
[0309/143741.824:WARNING:pe_image_reader.cc(340)] could not read dos header from C:\Windows\System32\KERNEL32.DLL
[0309/143741.824:ERROR:process_memory_win.cc(73)] ReadMemory at 0x7ffc9ecc0000 of 64 bytes failed: Only part of a ReadProcessMemory or WriteProcessMemory request was completed. (0x12B)
[0309/143741.824:WARNING:pe_image_reader.cc(340)] could not read dos header from C:\Windows\System32\KERNELBASE.dll
[0309/143741.824:ERROR:process_memory_win.cc(73)] ReadMemory at 0x7ffc6ed80000 of 64 bytes failed: Only part of a ReadProcessMemory or WriteProcessMemory request was completed. (0x12B)
[0309/143741.824:WARNING:pe_image_reader.cc(340)] could not read dos header from C:\Program Files (x86)\Google\Chrome\Application\80.0.3987.122\chrome_elf.dll
[0309/143741.824:ERROR:process_memory_win.cc(73)] ReadMemory at 0x7ffc95680000 of 64 bytes failed: Only part of a ReadProcessMemory or WriteProcessMemory request was completed. (0x12B)
[0309/143741.824:WARNING:pe_image_reader.cc(340)] could not read dos header from C:\Windows\SYSTEM32\VERSION.dll
[0309/143741.824:ERROR:process_memory_win.cc(73)] ReadMemory at 0x7ffca1640000 of 64 bytes failed: Only part of a ReadProcessMemory or WriteProcessMemory request was completed. (0x12B)
[0309/143741.825:WARNING:pe_image_reader.cc(340)] could not read dos header from C:\Windows\System32\msvcrt.dll
[0309/143741.825:ERROR:process_memory_win.cc(73)] ReadMemory at 0x7ffc9e120000 of 64 bytes failed: Only part of a ReadProcessMemory or WriteProcessMemory request was completed. (0x12B)
[0309/143741.825:WARNING:pe_image_reader.cc(340)] could not read dos header from C:\Windows\System32\bcryptPrimitives.dll
[0309/143741.825:ERROR:process_memory_win.cc(73)] ReadMemory at 0x7ffca1380000 of 64 bytes failed: Only part of a ReadProcessMemory or WriteProcessMemory request was completed. (0x12B)
[0309/143741.825:WARNING:pe_image_reader.cc(340)] could not read dos header from C:\Windows\System32\ADVAPI32.dll
[0309/143741.825:ERROR:process_memory_win.cc(73)] ReadMemory at 0x7ffca0d70000 of 64 bytes failed: Only part of a ReadProcessMemory or WriteProcessMemory request was completed. (0x12B)
[0309/143741.825:WARNING:pe_image_reader.cc(340)] could not read dos header from C:\Windows\System32\sechost.dll
[0309/143741.825:ERROR:process_memory_win.cc(73)] ReadMemory at 0x7ffca1a10000 of 64 bytes failed: Only part of a ReadProcessMemory or WriteProcessMemory request was completed. (0x12B)
[0309/143741.825:WARNING:pe_image_reader.cc(340)] could not read dos header from C:\Windows\System32\RPCRT4.dll
[0309/143741.825:ERROR:process_memory_win.cc(73)] ReadMemory at 0x7ffc36010000 of 64 bytes failed: Only part of a ReadProcessMemory or WriteProcessMemory request was completed. (0x12B)
[0309/143741.826:WARNING:pe_image_reader.cc(340)] could not read dos header from C:\Program Files (x86)\Google\Chrome\Application\80.0.3987.122\chrome.dll
[0309/143741.826:ERROR:process_memory_win.cc(73)] ReadMemory at 0x7ffca1ce0000 of 64 bytes failed: Only part of a ReadProcessMemory or WriteProcessMemory request was completed. (0x12B)
[0309/143741.826:WARNING:pe_image_reader.cc(340)] could not read dos header from C:\Windows\System32\WS2_32.dll
[0309/143741.826:ERROR:process_memory_win.cc(73)] ReadMemory at 0x24d2b700000 of 64 bytes failed: Only part of a ReadProcessMemory or WriteProcessMemory request was completed. (0x12B)
[0309/143741.826:WARNING:pe_image_reader.cc(340)] could not read dos header from C:\Windows\System32\OLEAUT32.dll
[0309/143741.826:ERROR:process_memory_win.cc(73)] ReadMemory at 0x7ffc9e1a0000 of 64 bytes failed: Only part of a ReadProcessMemory or WriteProcessMemory request was completed. (0x12B)
[0309/143741.826:WARNING:pe_image_reader.cc(340)] could not read dos header from C:\Windows\System32\msvcp_win.dll
[0309/143741.826:ERROR:process_memory_win.cc(73)] ReadMemory at 0x7ffc9de40000 of 64 bytes failed: Only part of a ReadProcessMemory or WriteProcessMemory request was completed. (0x12B)
[0309/143741.826:WARNING:pe_image_reader.cc(340)] could not read dos header from C:\Windows\System32\ucrtbase.dll
[0309/143741.828:ERROR:process_memory_win.cc(73)] ReadMemory at 0x7ffca0e60000 of 64 bytes failed: Only part of a ReadProcessMemory or WriteProcessMemory request was completed. (0x12B)
[0309/143741.828:WARNING:pe_image_reader.cc(340)] could not read dos header from C:\Windows\System32\combase.dll
[0309/143741.828:ERROR:process_memory_win.cc(73)] ReadMemory at 0x7ffc9ebb0000 of 64 bytes failed: Only part of a ReadProcessMemory or WriteProcessMemory request was completed. (0x12B)
[0309/143741.828:WARNING:pe_image_reader.cc(340)] could not read dos header from C:\Windows\System32\WINTRUST.dll
[0309/143741.828:ERROR:process_memory_win.cc(73)] ReadMemory at 0x7ffc9de20000 of 64 bytes failed: Only part of a ReadProcessMemory or WriteProcessMemory request was completed. (0x12B)
[0309/143741.828:WARNING:pe_image_reader.cc(340)] could not read dos header from C:\Windows\System32\MSASN1.dll
[0309/143741.828:ERROR:process_memory_win.cc(73)] ReadMemory at 0x7ffc9df40000 of 64 bytes failed: Only part of a ReadProcessMemory or WriteProcessMemory request was completed. (0x12B)
[0309/143741.828:WARNING:pe_image_reader.cc(340)] could not read dos header from C:\Windows\System32\CRYPT32.dll
[0309/143741.828:ERROR:process_memory_win.cc(73)] ReadMemory at 0x7ffc9d300000 of 64 bytes failed: Only part of a ReadProcessMemory or WriteProcessMemory request was completed. (0x12B)
[0309/143741.828:WARNING:pe_image_reader.cc(340)] could not read dos header from C:\Windows\SYSTEM32\IPHLPAPI.DLL
[0309/143741.828:ERROR:process_memory_win.cc(73)] ReadMemory at 0x7ffc95640000 of 64 bytes failed: Only part of a ReadProcessMemory or WriteProcessMemory request was completed. (0x12B)
[0309/143741.828:WARNING:pe_image_reader.cc(340)] could not read dos header from C:\Windows\SYSTEM32\WINMM.dll
[0309/143741.828:ERROR:process_memory_win.cc(73)] ReadMemory at 0x7ffc91950000 of 64 bytes failed: Only part of a ReadProcessMemory or WriteProcessMemory request was completed. (0x12B)
[0309/143741.828:WARNING:pe_image_reader.cc(340)] could not read dos header from C:\Windows\SYSTEM32\Secur32.dll
[0309/143741.828:ERROR:process_memory_win.cc(73)] ReadMemory at 0x7ffc9dca0000 of 64 bytes failed: Only part of a ReadProcessMemory or WriteProcessMemory request was completed. (0x12B)
[0309/143741.828:WARNING:pe_image_reader.cc(340)] could not read dos header from C:\Windows\SYSTEM32\USERENV.dll
[0309/143741.828:ERROR:process_memory_win.cc(73)] ReadMemory at 0x7ffc9ddf0000 of 64 bytes failed: Only part of a ReadProcessMemory or WriteProcessMemory request was completed. (0x12B)
[0309/143741.828:WARNING:pe_image_reader.cc(340)] could not read dos header from C:\Windows\System32\profapi.dll
[0309/143741.828:ERROR:process_memory_win.cc(73)] ReadMemory at 0x7ffc6ffa0000 of 64 bytes failed: Only part of a ReadProcessMemory or WriteProcessMemory request was completed. (0x12B)
[0309/143741.828:WARNING:pe_image_reader.cc(340)] could not read dos header from C:\Windows\SYSTEM32\UIAutomationCore.DLL
[0309/143741.829:ERROR:process_memory_win.cc(73)] ReadMemory at 0x7ffc96d30000 of 64 bytes failed: Only part of a ReadProcessMemory or WriteProcessMemory request was completed. (0x12B)
[0309/143741.829:WARNING:pe_image_reader.cc(340)] could not read dos header from C:\Windows\SYSTEM32\DWrite.dll
[0309/143741.829:ERROR:process_memory_win.cc(73)] ReadMemory at 0x7ffc95550000 of 64 bytes failed: Only part of a ReadProcessMemory or WriteProcessMemory request was completed. (0x12B)
[0309/143741.829:WARNING:pe_image_reader.cc(340)] could not read dos header from C:\Windows\SYSTEM32\WINSPOOL.DRV
[0309/143741.829:ERROR:process_memory_win.cc(73)] ReadMemory at 0x7ffc9dd70000 of 64 bytes failed: Only part of a ReadProcessMemory or WriteProcessMemory request was completed. (0x12B)
[0309/143741.829:WARNING:pe_image_reader.cc(340)] could not read dos header from C:\Windows\System32\kernel.appcore.dll
[0309/143741.829:ERROR:process_memory_win.cc(73)] ReadMemory at 0x7ffc9eb80000 of 64 bytes failed: Only part of a ReadProcessMemory or WriteProcessMemory request was completed. (0x12B)
[0309/143741.829:WARNING:pe_image_reader.cc(340)] could not read dos header from C:\Windows\System32\bcrypt.dll
[0309/143741.829:ERROR:process_memory_win.cc(73)] ReadMemory at 0x7ffc9c710000 of 64 bytes failed: Only part of a ReadProcessMemory or WriteProcessMemory request was completed. (0x12B)
[0309/143741.830:WARNING:pe_image_reader.cc(340)] could not read dos header from C:\Windows\SYSTEM32\dbghelp.dll
[0309/143741.830:ERROR:process_memory_win.cc(73)] ReadMemory at 0x7ffc94b80000 of 64 bytes failed: Only part of a ReadProcessMemory or WriteProcessMemory request was completed. (0x12B)
[0309/143741.830:WARNING:pe_image_reader.cc(340)] could not read dos header from C:\Windows\SYSTEM32\WINHTTP.dll
[0309/143741.830:ERROR:process_memory_win.cc(73)] ReadMemory at 0x7ffc99430000 of 64 bytes failed: Only part of a ReadProcessMemory or WriteProcessMemory request was completed. (0x12B)
[0309/143741.830:WARNING:pe_image_reader.cc(340)] could not read dos header from C:\Windows\SYSTEM32\dhcpcsvc.DLL
[0309/143741.830:ERROR:process_memory_win.cc(73)] ReadMemory at 0x7ffca1a00000 of 64 bytes failed: Only part of a ReadProcessMemory or WriteProcessMemory request was completed. (0x12B)
[0309/143741.831:WARNING:pe_image_reader.cc(340)] could not read dos header from C:\Windows\System32\NSI.dll
[0309/143741.831:ERROR:process_memory_win.cc(73)] ReadMemory at 0x7ffc95610000 of 64 bytes failed: Only part of a ReadProcessMemory or WriteProcessMemory request was completed. (0x12B)
[0309/143741.831:WARNING:pe_image_reader.cc(340)] could not read dos header from C:\Windows\SYSTEM32\WINMMBASE.dll
[0309/143741.831:ERROR:process_memory_win.cc(73)] ReadMemory at 0x7ffc9e240000 of 64 bytes failed: Only part of a ReadProcessMemory or WriteProcessMemory request was completed. (0x12B)
[0309/143741.831:WARNING:pe_image_reader.cc(340)] could not read dos header from C:\Windows\System32\cfgmgr32.dll
[0309/143741.831:ERROR:process_memory_win.cc(73)] ReadMemory at 0x7ffc8a860000 of 64 bytes failed: Only part of a ReadProcessMemory or WriteProcessMemory request was completed. (0x12B)
[0309/143741.832:WARNING:pe_image_reader.cc(340)] could not read dos header from C:\Windows\SYSTEM32\Bcp47Langs.dll
[0309/143741.833:ERROR:process_memory_win.cc(73)] ReadMemory at 0x7ffc9bd30000 of 64 bytes failed: Only part of a ReadProcessMemory or WriteProcessMemory request was completed. (0x12B)
[0309/143741.833:WARNING:pe_image_reader.cc(340)] could not read dos header from C:\Windows\SYSTEM32\PROPSYS.dll
[0309/143741.833:ERROR:process_memory_win.cc(73)] ReadMemory at 0x7ffca0cc0000 of 64 bytes failed: Only part of a ReadProcessMemory or WriteProcessMemory request was completed. (0x12B)
[0309/143741.833:WARNING:pe_image_reader.cc(340)] could not read dos header from C:\Windows\System32\shcore.dll
[0309/143741.833:ERROR:process_memory_win.cc(73)] ReadMemory at 0x7ffc9dc70000 of 64 bytes failed: Only part of a ReadProcessMemory or WriteProcessMemory request was completed. (0x12B)
[0309/143741.833:WARNING:pe_image_reader.cc(340)] could not read dos header from C:\Windows\SYSTEM32\SSPICLI.DLL
[0309/143741.833:ERROR:process_memory_win.cc(73)] ReadMemory at 0x7ffc9d7b0000 of 64 bytes failed: Only part of a ReadProcessMemory or WriteProcessMemory request was completed. (0x12B)
[0309/143741.833:WARNING:pe_image_reader.cc(340)] could not read dos header from C:\Windows\SYSTEM32\CRYPTBASE.DLL
[0309/143742.148:ERROR:process_memory_win.cc(73)] ReadMemory at 0x9fd8bf0000 of 65536 bytes failed: Only part of a ReadProcessMemory or WriteProcessMemory request was completed. (0x12B)
[0309/143742.149:ERROR:process_memory_win.cc(73)] ReadMemory at 0x9fd93fd000 of 12288 bytes failed: Only part of a ReadProcessMemory or WriteProcessMemory request was completed. (0x12B)
[0309/143742.149:ERROR:process_memory_win.cc(73)] ReadMemory at 0x9fda3fc000 of 16384 bytes failed: Only part of a ReadProcessMemory or WriteProcessMemory request was completed. (0x12B)
[0309/143742.149:ERROR:process_memory_win.cc(73)] ReadMemory at 0x9fdabfc000 of 16384 bytes failed: Only part of a ReadProcessMemory or WriteProcessMemory request was completed. (0x12B)
[0309/143742.150:ERROR:process_memory_win.cc(73)] ReadMemory at 0x9fdb3ff000 of 4096 bytes failed: Only part of a ReadProcessMemory or WriteProcessMemory request was completed. (0x12B)
[0309/143742.150:ERROR:process_memory_win.cc(73)] ReadMemory at 0x9fdbbfd000 of 12288 bytes failed: Only part of a ReadProcessMemory or WriteProcessMemory request was completed. (0x12B)
[0309/143742.173:ERROR:process_memory_win.cc(73)] ReadMemory at 0x9fdc3fb000 of 20480 bytes failed: Only part of a ReadProcessMemory or WriteProcessMemory request was completed. (0x12B)
[0309/143742.174:ERROR:process_memory_win.cc(73)] ReadMemory at 0x9fdcbfd000 of 12288 bytes failed: Only part of a ReadProcessMemory or WriteProcessMemory request was completed. (0x12B)
[0309/143742.174:ERROR:process_memory_win.cc(73)] ReadMemory at 0x9fdd3fa000 of 24576 bytes failed: Only part of a ReadProcessMemory or WriteProcessMemory request was completed. (0x12B)
[0309/143742.174:ERROR:process_memory_win.cc(73)] ReadMemory at 0x9fddbf8000 of 32768 bytes failed: Only part of a ReadProcessMemory or WriteProcessMemory request was completed. (0x12B)
[0309/143742.175:ERROR:process_memory_win.cc(73)] ReadMemory at 0x9fde3fa000 of 24576 bytes failed: Only part of a ReadProcessMemory or WriteProcessMemory request was completed. (0x12B)
[0309/143742.175:ERROR:process_memory_win.cc(73)] ReadMemory at 0x9fdebfd000 of 12288 bytes failed: Only part of a ReadProcessMemory or WriteProcessMemory request was completed. (0x12B)
[0309/143742.175:ERROR:process_memory_win.cc(73)] ReadMemory at 0x9fdfbf6000 of 40960 bytes failed: Only part of a ReadProcessMemory or WriteProcessMemory request was completed. (0x12B)
[0309/143742.176:ERROR:process_memory_win.cc(73)] ReadMemory at 0x9fd9bfe000 of 8192 bytes failed: Only part of a ReadProcessMemory or WriteProcessMemory request was completed. (0x12B)
[0309/143742.176:ERROR:process_memory_win.cc(73)] ReadMemory at 0x9fd8219000 of 852 bytes failed: Only part of a ReadProcessMemory or WriteProcessMemory request was completed. (0x12B)
[0309/143742.176:ERROR:process_memory_win.cc(73)] ReadMemory at 0x9fd821a000 of 6024 bytes failed: Only part of a ReadProcessMemory or WriteProcessMemory request was completed. (0x12B)
[0309/143742.176:ERROR:process_memory_win.cc(73)] ReadMemory at 0x9fd821c000 of 6024 bytes failed: Only part of a ReadProcessMemory or WriteProcessMemory request was completed. (0x12B)
[0309/143742.177:ERROR:process_memory_win.cc(73)] ReadMemory at 0x9fd8220000 of 6024 bytes failed: Only part of a ReadProcessMemory or WriteProcessMemory request was completed. (0x12B)
[0309/143742.177:ERROR:process_memory_win.cc(73)] ReadMemory at 0x9fd8222000 of 6024 bytes failed: Only part of a ReadProcessMemory or WriteProcessMemory request was completed. (0x12B)
[0309/143742.177:ERROR:process_memory_win.cc(73)] ReadMemory at 0x9fd8224000 of 6024 bytes failed: Only part of a ReadProcessMemory or WriteProcessMemory request was completed. (0x12B)
[0309/143742.178:ERROR:process_memory_win.cc(73)] ReadMemory at 0x9fd8226000 of 6024 bytes failed: Only part of a ReadProcessMemory or WriteProcessMemory request was completed. (0x12B)
[0309/143742.178:ERROR:process_memory_win.cc(73)] ReadMemory at 0x9fd8228000 of 6024 bytes failed: Only part of a ReadProcessMemory or WriteProcessMemory request was completed. (0x12B)
[0309/143742.178:ERROR:process_memory_win.cc(73)] ReadMemory at 0x9fd822a000 of 6024 bytes failed: Only part of a ReadProcessMemory or WriteProcessMemory request was completed. (0x12B)
[0309/143742.179:ERROR:process_memory_win.cc(73)] ReadMemory at 0x9fd822c000 of 6024 bytes failed: Only part of a ReadProcessMemory or WriteProcessMemory request was completed. (0x12B)
[0309/143742.179:ERROR:process_memory_win.cc(73)] ReadMemory at 0x9fd822e000 of 6024 bytes failed: Only part of a ReadProcessMemory or WriteProcessMemory request was completed. (0x12B)
[0309/143742.179:ERROR:process_memory_win.cc(73)] ReadMemory at 0x9fd8230000 of 6024 bytes failed: Only part of a ReadProcessMemory or WriteProcessMemory request was completed. (0x12B)
[0309/143742.179:ERROR:process_memory_win.cc(73)] ReadMemory at 0x9fd8238000 of 6024 bytes failed: Only part of a ReadProcessMemory or WriteProcessMemory request was completed. (0x12B)
[0309/143742.180:ERROR:process_memory_win.cc(73)] ReadMemory at 0x9fd824a000 of 6024 bytes failed: Only part of a ReadProcessMemory or WriteProcessMemory request was completed. (0x12B)
[0309/143742.180:ERROR:process_memory_win.cc(73)] ReadMemory at 0x9fd824c000 of 6024 bytes failed: Only part of a ReadProcessMemory or WriteProcessMemory request was completed. (0x12B)
[0309/143742.180:ERROR:process_memory_win.cc(73)] ReadMemory at 0x24d2b360fe0 of 17086 bytes failed: Only part of a ReadProcessMemory or WriteProcessMemory request was completed. (0x12B)
[0309/143742.181:ERROR:process_memory_win.cc(73)] ReadMemory at 0x24d2b3652b0 of 1012 bytes failed: Only part of a ReadProcessMemory or WriteProcessMemory request was completed. (0x12B)
[0309/143742.181:ERROR:process_memory_win.cc(73)] ReadMemory at 0x24d2b3658d8 of 118 bytes failed: Only part of a ReadProcessMemory or WriteProcessMemory request was completed. (0x12B)
[0309/143742.181:ERROR:process_memory_win.cc(73)] ReadMemory at 0x24d2b365950 of 818 bytes failed: Only part of a ReadProcessMemory or WriteProcessMemory request was completed. (0x12B)
[0309/143742.182:ERROR:process_memory_win.cc(73)] ReadMemory at 0x24d2b365c84 of 118 bytes failed: Only part of a ReadProcessMemory or WriteProcessMemory request was completed. (0x12B)
[0309/143742.182:ERROR:process_memory_win.cc(73)] ReadMemory at 0x24d2b365cfc of 96 bytes failed: Only part of a ReadProcessMemory or WriteProcessMemory request was completed. (0x12B)
[0309/143742.183:ERROR:process_memory_win.cc(73)] ReadMemory at 0x24d2b365d70 of 58 bytes failed: Only part of a ReadProcessMemory or WriteProcessMemory request was completed. (0x12B)
[0309/143742.183:ERROR:process_memory_win.cc(73)] ReadMemory at 0x24d2b365e70 of 132 bytes failed: Only part of a ReadProcessMemory or WriteProcessMemory request was completed. (0x12B)
[0309/143742.183:ERROR:process_memory_win.cc(73)] ReadMemory at 0x24d2b366000 of 132 bytes failed: Only part of a ReadProcessMemory or WriteProcessMemory request was completed. (0x12B)
[0309/143742.184:ERROR:process_memory_win.cc(73)] ReadMemory at 0x24d2b3661c0 of 126 bytes failed: Only part of a ReadProcessMemory or WriteProcessMemory request was completed. (0x12B)
[0309/143742.184:ERROR:process_memory_win.cc(73)] ReadMemory at 0x24d2b3665a0 of 132 bytes failed: Only part of a ReadProcessMemory or WriteProcessMemory request was completed. (0x12B)
[0309/143742.184:ERROR:process_memory_win.cc(73)] ReadMemory at 0x24d2b366730 of 64 bytes failed: Only part of a ReadProcessMemory or WriteProcessMemory request was completed. (0x12B)
[0309/143742.184:ERROR:process_memory_win.cc(73)] ReadMemory at 0x24d2b366780 of 132 bytes failed: Only part of a ReadProcessMemory or WriteProcessMemory request was completed. (0x12B)
[0309/143742.185:ERROR:process_memory_win.cc(73)] ReadMemory at 0x24d2b3668f0 of 132 bytes failed: Only part of a ReadProcessMemory or WriteProcessMemory request was completed. (0x12B)
[0309/143742.185:ERROR:process_memory_win.cc(73)] ReadMemory at 0x24d2b366b90 of 132 bytes failed: Only part of a ReadProcessMemory or WriteProcessMemory request was completed. (0x12B)
[0309/143742.186:ERROR:process_memory_win.cc(73)] ReadMemory at 0x24d2b366d20 of 68 bytes failed: Only part of a ReadProcessMemory or WriteProcessMemory request was completed. (0x12B)
[0309/143742.187:ERROR:process_memory_win.cc(73)] ReadMemory at 0x24d2b367c20 of 146 bytes failed: Only part of a ReadProcessMemory or WriteProcessMemory request was completed. (0x12B)
[0309/143742.187:ERROR:process_memory_win.cc(73)] ReadMemory at 0x24d2b367d00 of 132 bytes failed: Only part of a ReadProcessMemory or WriteProcessMemory request was completed. (0x12B)
[0309/143742.187:ERROR:process_memory_win.cc(73)] ReadMemory at 0x24d2b367e90 of 154 bytes failed: Only part of a ReadProcessMemory or WriteProcessMemory request was completed. (0x12B)
[0309/143742.187:ERROR:process_memory_win.cc(73)] ReadMemory at 0x24d2b3689c0 of 132 bytes failed: Only part of a ReadProcessMemory or WriteProcessMemory request was completed. (0x12B)
[0309/143742.188:ERROR:process_memory_win.cc(73)] ReadMemory at 0x24d2b368af0 of 132 bytes failed: Only part of a ReadProcessMemory or WriteProcessMemory request was completed. (0x12B)
[0309/143742.189:ERROR:process_memory_win.cc(73)] ReadMemory at 0x24d2b368ca0 of 62 bytes failed: Only part of a ReadProcessMemory or WriteProcessMemory request was completed. (0x12B)
[0309/143742.189:ERROR:process_memory_win.cc(73)] ReadMemory at 0x24d2b368e00 of 132 bytes failed: Only part of a ReadProcessMemory or WriteProcessMemory request was completed. (0x12B)
[0309/143742.190:ERROR:process_memory_win.cc(73)] ReadMemory at 0x24d2b368f90 of 60 bytes failed: Only part of a ReadProcessMemory or WriteProcessMemory request was completed. (0x12B)
[0309/143742.190:ERROR:process_memory_win.cc(73)] ReadMemory at 0x24d2b36b2e0 of 132 bytes failed: Only part of a ReadProcessMemory or WriteProcessMemory request was completed. (0x12B)
[0309/143742.190:ERROR:process_memory_win.cc(73)] ReadMemory at 0x24d2b36b410 of 132 bytes failed: Only part of a ReadProcessMemory or WriteProcessMemory request was completed. (0x12B)
[0309/143742.190:ERROR:process_memory_win.cc(73)] ReadMemory at 0x24d2b36ddd0 of 132 bytes failed: Only part of a ReadProcessMemory or WriteProcessMemory request was completed. (0x12B)
[0309/143742.190:ERROR:process_memory_win.cc(73)] ReadMemory at 0x24d2b36df60 of 80 bytes failed: Only part of a ReadProcessMemory or WriteProcessMemory request was completed. (0x12B)
[0309/143742.191:ERROR:process_memory_win.cc(73)] ReadMemory at 0x24d2b36e1a0 of 62 bytes failed: Only part of a ReadProcessMemory or WriteProcessMemory request was completed. (0x12B)
[0309/143742.191:ERROR:process_memory_win.cc(73)] ReadMemory at 0x24d2b36e290 of 66 bytes failed: Only part of a ReadProcessMemory or WriteProcessMemory request was completed. (0x12B)
[0309/143742.192:ERROR:process_memory_win.cc(73)] ReadMemory at 0x24d2b36e330 of 62 bytes failed: Only part of a ReadProcessMemory or WriteProcessMemory request was completed. (0x12B)
[0309/143742.192:ERROR:process_memory_win.cc(73)] ReadMemory at 0x24d2b36e380 of 64 bytes failed: Only part of a ReadProcessMemory or WriteProcessMemory request was completed. (0x12B)
[0309/143742.192:ERROR:process_memory_win.cc(73)] ReadMemory at 0x24d2b36e3d0 of 64 bytes failed: Only part of a ReadProcessMemory or WriteProcessMemory request was completed. (0x12B)
[0309/143742.358:ERROR:process_memory_win.cc(73)] ReadMemory at 0x24d2b36e6a0 of 60 bytes failed: Only part of a ReadProcessMemory or WriteProcessMemory request was completed. (0x12B)
[0309/143742.358:ERROR:process_memory_win.cc(73)] ReadMemory at 0x24d2b36e740 of 60 bytes failed: Only part of a ReadProcessMemory or WriteProcessMemory request was completed. (0x12B)
[0309/143742.359:ERROR:process_memory_win.cc(73)] ReadMemory at 0x24d2b36e790 of 64 bytes failed: Only part of a ReadProcessMemory or WriteProcessMemory request was completed. (0x12B)
[0309/143742.359:ERROR:process_memory_win.cc(73)] ReadMemory at 0x24d2b36e7e0 of 64 bytes failed: Only part of a ReadProcessMemory or WriteProcessMemory request was completed. (0x12B)
[0309/143742.359:ERROR:process_memory_win.cc(73)] ReadMemory at 0x24d2b36f8b0 of 80 bytes failed: Only part of a ReadProcessMemory or WriteProcessMemory request was completed. (0x12B)
[0309/143742.359:ERROR:process_memory_win.cc(73)] ReadMemory at 0x24d2b36fb50 of 76 bytes failed: Only part of a ReadProcessMemory or WriteProcessMemory request was completed. (0x12B)
[0309/143742.359:ERROR:process_memory_win.cc(73)] ReadMemory at 0x24d2b36fd70 of 62 bytes failed: Only part of a ReadProcessMemory or WriteProcessMemory request was completed. (0x12B)
[0309/143742.360:ERROR:process_memory_win.cc(73)] ReadMemory at 0x24d2b36fdc0 of 62 bytes failed: Only part of a ReadProcessMemory or WriteProcessMemory request was completed. (0x12B)
[0309/143742.360:ERROR:process_memory_win.cc(73)] ReadMemory at 0x24d2b36fe10 of 64 bytes failed: Only part of a ReadProcessMemory or WriteProcessMemory request was completed. (0x12B)
[0309/143742.360:ERROR:process_memory_win.cc(73)] ReadMemory at 0x24d2b36ff00 of 60 bytes failed: Only part of a ReadProcessMemory or WriteProcessMemory request was completed. (0x12B)
[0309/143742.360:ERROR:process_memory_win.cc(73)] ReadMemory at 0x24d2b36ff50 of 62 bytes failed: Only part of a ReadProcessMemory or WriteProcessMemory request was completed. (0x12B)
[0309/143742.361:ERROR:process_memory_win.cc(73)] ReadMemory at 0x24d2b36ffa0 of 68 bytes failed: Only part of a ReadProcessMemory or WriteProcessMemory request was completed. (0x12B)
[0309/143742.384:ERROR:process_memory_win.cc(73)] ReadMemory at 0x24d2b370040 of 64 bytes failed: Only part of a ReadProcessMemory or WriteProcessMemory request was completed. (0x12B)
[0309/143742.384:ERROR:process_memory_win.cc(73)] ReadMemory at 0x24d2b370130 of 66 bytes failed: Only part of a ReadProcessMemory or WriteProcessMemory request was completed. (0x12B)
[0309/143742.384:ERROR:process_memory_win.cc(73)] ReadMemory at 0x24d2b3701d0 of 60 bytes failed: Only part of a ReadProcessMemory or WriteProcessMemory request was completed. (0x12B)
[0309/143742.385:ERROR:process_memory_win.cc(73)] ReadMemory at 0x24d2b370220 of 64 bytes failed: Only part of a ReadProcessMemory or WriteProcessMemory request was completed. (0x12B)
[0309/143742.385:ERROR:process_memory_win.cc(73)] ReadMemory at 0x24d2b3702c0 of 62 bytes failed: Only part of a ReadProcessMemory or WriteProcessMemory request was completed. (0x12B)
[0309/143742.678:ERROR:process_memory_win.cc(73)] ReadMemory at 0x24d2b370310 of 60 bytes failed: Only part of a ReadProcessMemory or WriteProcessMemory request was completed. (0x12B)
[0309/143742.678:ERROR:process_memory_win.cc(73)] ReadMemory at 0x24d2b3703b0 of 58 bytes failed: Only part of a ReadProcessMemory or WriteProcessMemory request was completed. (0x12B)
[0309/143742.678:ERROR:process_memory_win.cc(73)] ReadMemory at 0x24d2b370540 of 64 bytes failed: Only part of a ReadProcessMemory or WriteProcessMemory request was completed. (0x12B)
[0309/143742.678:ERROR:process_memory_win.cc(73)] ReadMemory at 0x24d2b3705e0 of 60 bytes failed: Only part of a ReadProcessMemory or WriteProcessMemory request was completed. (0x12B)
[0309/143742.679:ERROR:process_memory_win.cc(73)] ReadMemory at 0x24d2b3706d0 of 62 bytes failed: Only part of a ReadProcessMemory or WriteProcessMemory request was completed. (0x12B)
[0309/143742.679:ERROR:process_memory_win.cc(73)] ReadMemory at 0x24d2b3708b0 of 62 bytes failed: Only part of a ReadProcessMemory or WriteProcessMemory request was completed. (0x12B)
[0309/143742.679:ERROR:process_memory_win.cc(73)] ReadMemory at 0x24d2b370b80 of 62 bytes failed: Only part of a ReadProcessMemory or WriteProcessMemory request was completed. (0x12B)
[0309/143742.680:ERROR:process_memory_win.cc(73)] ReadMemory at 0x24d2b370c20 of 62 bytes failed: Only part of a ReadProcessMemory or WriteProcessMemory request was completed. (0x12B)
[0309/143742.680:ERROR:process_memory_win.cc(73)] ReadMemory at 0x24d2b372de0 of 132 bytes failed: Only part of a ReadProcessMemory or WriteProcessMemory request was completed. (0x12B)
[0309/143742.680:ERROR:process_memory_win.cc(73)] ReadMemory at 0x24d2b374a90 of 54 bytes failed: Only part of a ReadProcessMemory or WriteProcessMemory request was completed. (0x12B)
[0309/143742.681:ERROR:process_memory_win.cc(73)] ReadMemory at 0x24d2b3761a0 of 132 bytes failed: Only part of a ReadProcessMemory or WriteProcessMemory request was completed. (0x12B)
[0309/143742.681:ERROR:process_memory_win.cc(73)] ReadMemory at 0x24d2b3763b0 of 132 bytes failed: Only part of a ReadProcessMemory or WriteProcessMemory request was completed. (0x12B)
[0309/143742.682:ERROR:process_memory_win.cc(73)] ReadMemory at 0x24d2b377e80 of 132 bytes failed: Only part of a ReadProcessMemory or WriteProcessMemory request was completed. (0x12B)
[0309/143742.683:ERROR:process_memory_win.cc(73)] ReadMemory at 0x24d2b37aa40 of 132 bytes failed: Only part of a ReadProcessMemory or WriteProcessMemory request was completed. (0x12B)
[0309/143742.683:ERROR:process_memory_win.cc(73)] ReadMemory at 0x24d2b37ab70 of 132 bytes failed: Only part of a ReadProcessMemory or WriteProcessMemory request was completed. (0x12B)
[0309/143742.684:ERROR:process_memory_win.cc(73)] ReadMemory at 0x24d2b37aca0 of 132 bytes failed: Only part of a ReadProcessMemory or WriteProcessMemory request was completed. (0x12B)
[0309/143742.685:ERROR:process_memory_win.cc(73)] ReadMemory at 0x24d2b37add0 of 132 bytes failed: Only part of a ReadProcessMemory or WriteProcessMemory request was completed. (0x12B)
[0309/143742.686:ERROR:process_memory_win.cc(73)] ReadMemory at 0x24d2b37af00 of 132 bytes failed: Only part of a ReadProcessMemory or WriteProcessMemory request was completed. (0x12B)
[0309/143742.686:ERROR:process_memory_win.cc(73)] ReadMemory at 0x24d2b37b030 of 132 bytes failed: Only part of a ReadProcessMemory or WriteProcessMemory request was completed. (0x12B)
[0309/143742.687:ERROR:process_memory_win.cc(73)] ReadMemory at 0x24d2b37b160 of 132 bytes failed: Only part of a ReadProcessMemory or WriteProcessMemory request was completed. (0x12B)
[0309/143742.689:ERROR:process_memory_win.cc(73)] ReadMemory at 0x24d2b37b290 of 132 bytes failed: Only part of a ReadProcessMemory or WriteProcessMemory request was completed. (0x12B)
[0309/143742.689:ERROR:process_memory_win.cc(73)] ReadMemory at 0x24d2b37b3c0 of 132 bytes failed: Only part of a ReadProcessMemory or WriteProcessMemory request was completed. (0x12B)
[0309/143742.689:ERROR:process_memory_win.cc(73)] ReadMemory at 0x24d2b37b4f0 of 132 bytes failed: Only part of a ReadProcessMemory or WriteProcessMemory request was completed. (0x12B)
[0309/143742.690:ERROR:process_memory_win.cc(73)] ReadMemory at 0x24d2b37b750 of 132 bytes failed: Only part of a ReadProcessMemory or WriteProcessMemory request was completed. (0x12B)
[0309/143742.691:ERROR:process_memory_win.cc(73)] ReadMemory at 0x24d2b37b880 of 132 bytes failed: Only part of a ReadProcessMemory or WriteProcessMemory request was completed. (0x12B)
[0309/143742.692:ERROR:process_memory_win.cc(73)] ReadMemory at 0x24d2b37c0b0 of 132 bytes failed: Only part of a ReadProcessMemory or WriteProcessMemory request was completed. (0x12B)
[0309/143742.692:ERROR:process_memory_win.cc(73)] ReadMemory at 0x24d2b37c1e0 of 132 bytes failed: Only part of a ReadProcessMemory or WriteProcessMemory request was completed. (0x12B)
[0309/143742.692:ERROR:process_memory_win.cc(73)] ReadMemory at 0x24d2b37c7d0 of 132 bytes failed: Only part of a ReadProcessMemory or WriteProcessMemory request was completed. (0x12B)
[0309/143742.693:ERROR:process_memory_win.cc(73)] ReadMemory at 0x24d2b37cc90 of 132 bytes failed: Only part of a ReadProcessMemory or WriteProcessMemory request was completed. (0x12B)
[0309/143742.693:ERROR:process_memory_win.cc(73)] ReadMemory at 0x24d2b37cdc0 of 132 bytes failed: Only part of a ReadProcessMemory or WriteProcessMemory request was completed. (0x12B)
[0309/143742.693:ERROR:process_memory_win.cc(73)] ReadMemory at 0x24d2b37cef0 of 132 bytes failed: Only part of a ReadProcessMemory or WriteProcessMemory request was completed. (0x12B)
[0309/143742.694:ERROR:process_memory_win.cc(73)] ReadMemory at 0x24d2b37d020 of 132 bytes failed: Only part of a ReadProcessMemory or WriteProcessMemory request was completed. (0x12B)
[0309/143742.696:ERROR:process_memory_win.cc(73)] ReadMemory at 0x24d2b37d150 of 132 bytes failed: Only part of a ReadProcessMemory or WriteProcessMemory request was completed. (0x12B)
[0309/143742.696:ERROR:process_memory_win.cc(73)] ReadMemory at 0x24d2b37d3b0 of 132 bytes failed: Only part of a ReadProcessMemory or WriteProcessMemory request was completed. (0x12B)
[0309/143742.697:ERROR:process_memory_win.cc(73)] ReadMemory at 0x24d2b37d610 of 132 bytes failed: Only part of a ReadProcessMemory or WriteProcessMemory request was completed. (0x12B)
[0309/143742.697:ERROR:process_memory_win.cc(73)] ReadMemory at 0x24d2b37dc00 of 132 bytes failed: Only part of a ReadProcessMemory or WriteProcessMemory request was completed. (0x12B)
[0309/143742.698:ERROR:process_memory_win.cc(73)] ReadMemory at 0x24d2b3951a0 of 512 bytes failed: Only part of a ReadProcessMemory or WriteProcessMemory request was completed. (0x12B)
[0309/143742.698:ERROR:process_memory_win.cc(73)] ReadMemory at 0x24d2b396100 of 512 bytes failed: Only part of a ReadProcessMemory or WriteProcessMemory request was completed. (0x12B)
[0309/143742.700:ERROR:process_memory_win.cc(73)] ReadMemory at 0x24d2b814ef0 of 512 bytes failed: Only part of a ReadProcessMemory or WriteProcessMemory request was completed. (0x12B)
[0309/143742.704:ERROR:process_memory_win.cc(73)] ReadMemory at 0x24d2b8163c0 of 579 bytes failed: Only part of a ReadProcessMemory or WriteProcessMemory request was completed. (0x12B)
[0309/143742.704:ERROR:process_memory_win.cc(73)] ReadMemory at 0x24d2b816e68 of 512 bytes failed: Only part of a ReadProcessMemory or WriteProcessMemory request was completed. (0x12B)
[0309/143742.704:ERROR:process_memory_win.cc(73)] ReadMemory at 0x24d2b824118 of 512 bytes failed: Only part of a ReadProcessMemory or WriteProcessMemory request was completed. (0x12B)
[0309/143742.704:ERROR:process_memory_win.cc(73)] ReadMemory at 0x24d2b82cfc0 of 512 bytes failed: Only part of a ReadProcessMemory or WriteProcessMemory request was completed. (0x12B)
[0309/143742.706:ERROR:process_memory_win.cc(73)] ReadMemory at 0x24d2b835af0 of 712 bytes failed: Only part of a ReadProcessMemory or WriteProcessMemory request was completed. (0x12B)
[0309/143742.706:ERROR:process_memory_win.cc(73)] ReadMemory at 0x24d2b8467d8 of 512 bytes failed: Only part of a ReadProcessMemory or WriteProcessMemory request was completed. (0x12B)
[0309/143742.709:ERROR:process_memory_win.cc(73)] ReadMemory at 0x24d2b847048 of 512 bytes failed: Only part of a ReadProcessMemory or WriteProcessMemory request was completed. (0x12B)
[0309/143742.710:ERROR:process_memory_win.cc(73)] ReadMemory at 0x24d2d5e0000 of 384 bytes failed: Only part of a ReadProcessMemory or WriteProcessMemory request was completed. (0x12B)
[0309/143742.710:ERROR:process_memory_win.cc(73)] ReadMemory at 0x24d2d7210c0 of 512 bytes failed: Only part of a ReadProcessMemory or WriteProcessMemory request was completed. (0x12B)
[0309/143742.711:ERROR:process_memory_win.cc(73)] ReadMemory at 0x24d2d724b80 of 560 bytes failed: Only part of a ReadProcessMemory or WriteProcessMemory request was completed. (0x12B)
[0309/143742.712:ERROR:process_memory_win.cc(73)] ReadMemory at 0x24d2dbafd70 of 512 bytes failed: Only part of a ReadProcessMemory or WriteProcessMemory request was completed. (0x12B)
[0309/143742.713:ERROR:process_memory_win.cc(73)] ReadMemory at 0x3ae143f73b8 of 512 bytes failed: Only part of a ReadProcessMemory or WriteProcessMemory request was completed. (0x12B)
[0309/143742.713:ERROR:process_memory_win.cc(73)] ReadMemory at 0x5fc7f92f0fc0 of 512 bytes failed: Only part of a ReadProcessMemory or WriteProcessMemory request was completed. (0x12B)
[0309/143742.713:ERROR:process_memory_win.cc(73)] ReadMemory at 0x6cc34a1810c0 of 512 bytes failed: Only part of a ReadProcessMemory or WriteProcessMemory request was completed. (0x12B)
[0309/143742.714:ERROR:process_memory_win.cc(73)] ReadMemory at 0x6cc34a181d80 of 512 bytes failed: Only part of a ReadProcessMemory or WriteProcessMemory request was completed. (0x12B)
[0309/143742.714:ERROR:process_memory_win.cc(73)] ReadMemory at 0x7ffc37b2e460 of 512 bytes failed: Only part of a ReadProcessMemory or WriteProcessMemory request was completed. (0x12B)
[0309/143742.715:ERROR:process_memory_win.cc(73)] ReadMemory at 0x7ffc381d1436 of 512 bytes failed: Only part of a ReadProcessMemory or WriteProcessMemory request was completed. (0x12B)
[0309/143742.715:ERROR:process_memory_win.cc(73)] ReadMemory at 0x7ffc6eda7a8d of 512 bytes failed: Only part of a ReadProcessMemory or WriteProcessMemory request was completed. (0x12B)
[0309/143742.715:ERROR:process_memory_win.cc(73)] ReadMemory at 0x7ffc6eda8285 of 512 bytes failed: Only part of a ReadProcessMemory or WriteProcessMemory request was completed. (0x12B)
[0309/143742.716:ERROR:process_memory_win.cc(73)] ReadMemory at 0x7ffca1dcff00 of 512 bytes failed: Only part of a ReadProcessMemory or WriteProcessMemory request was completed. (0x12B)
[0309/143742.717:ERROR:process_memory_win.cc(73)] ReadMemory at 0x7ffca1e1f754 of 672 bytes failed: Only part of a ReadProcessMemory or WriteProcessMemory request was completed. (0x12B)
[0309/143742.717:ERROR:process_memory_win.cc(73)] ReadMemory at 0x7ffca1e22fe4 of 608 bytes failed: Only part of a ReadProcessMemory or WriteProcessMemory request was completed. (0x12B)
[0309/143742.717:ERROR:process_memory_win.cc(73)] ReadMemory at 0x7ffca1eac0c8 of 18 bytes failed: Only part of a ReadProcessMemory or WriteProcessMemory request was completed. (0x12B)
[0309/143742.717:ERROR:process_memory_win.cc(73)] ReadMemory at 0x7ffca1edf4f8 of 40 bytes failed: Only part of a ReadProcessMemory or WriteProcessMemory request was completed. (0x12B)
[0309/143742.718:ERROR:process_memory_win.cc(73)] ReadMemory at 0x7ffca1edf978 of 48 bytes failed: Only part of a ReadProcessMemory or WriteProcessMemory request was completed. (0x12B)
[0309/143742.718:ERROR:process_memory_win.cc(73)] ReadMemory at 0x7ffca1ee53a0 of 64 bytes failed: Only part of a ReadProcessMemory or WriteProcessMemory request was completed. (0x12B)
[0309/143746.264:ERROR:scoped_process_suspend.cc(40)] NtResumeProcess: An attempt was made to access an exiting process. (0xc000010a)
